(testing /course/cs4500f22/ta/github/salty-dolphins/7/xbad)
(testing /course/cs4500f22/ta/github/7/35/Tests/0-in.json /course/cs4500f22/ta/github/7/35/Tests/0-out.json)
Traceback (most recent call last):
  File "/usr/lib64/python3.6/runpy.py", line 193, in _run_module_as_main
    "__main__", mod_spec)
  File "/usr/lib64/python3.6/runpy.py", line 85, in _run_code
    exec(code, run_globals)
  File "/course/cs4500f22/ta/github/salty-dolphins/Maze/Harnesses/xbad.py", line 48, in <module>
    print(main())
  File "/course/cs4500f22/ta/github/salty-dolphins/Maze/Harnesses/xbad.py", line 37, in main
    assert len(json_obj_list) == 2
AssertionError
(testing /course/cs4500f22/ta/github/7/35/Tests/1-in.json /course/cs4500f22/ta/github/7/35/Tests/1-out.json)
Traceback (most recent call last):
  File "/usr/lib64/python3.6/runpy.py", line 193, in _run_module_as_main
    "__main__", mod_spec)
  File "/usr/lib64/python3.6/runpy.py", line 85, in _run_code
    exec(code, run_globals)
  File "/course/cs4500f22/ta/github/salty-dolphins/Maze/Harnesses/xbad.py", line 48, in <module>
    print(main())
  File "/course/cs4500f22/ta/github/salty-dolphins/Maze/Harnesses/xbad.py", line 37, in main
    assert len(json_obj_list) == 2
AssertionError
(testing /course/cs4500f22/ta/github/7/35/Tests/2-in.json /course/cs4500f22/ta/github/7/35/Tests/2-out.json)
Traceback (most recent call last):
  File "/usr/lib64/python3.6/runpy.py", line 193, in _run_module_as_main
    "__main__", mod_spec)
  File "/usr/lib64/python3.6/runpy.py", line 85, in _run_code
    exec(code, run_globals)
  File "/course/cs4500f22/ta/github/salty-dolphins/Maze/Harnesses/xbad.py", line 48, in <module>
    print(main())
  File "/course/cs4500f22/ta/github/salty-dolphins/Maze/Harnesses/xbad.py", line 37, in main
    assert len(json_obj_list) == 2
AssertionError
((/course/cs4500f22/ta/github/7/35/Tests/0-in.json /course/cs4500f22/ta/github/7/35/Tests/0-out.json) (/course/cs4500f22/ta/github/7/35/Tests/1-in.json /course/cs4500f22/ta/github/7/35/Tests/1-out.json) (/course/cs4500f22/ta/github/7/35/Tests/2-in.json /course/cs4500f22/ta/github/7/35/Tests/2-out.json))
((passed 3) (total 3) (partial-score 3))

